client/src/components/Spreadsheet.tsx(2,18): error TS7016: Could not find a declaration file for module 'papaparse'. 'C:/Users/hi/CutListCreator/node_modules/papaparse/papaparse.js' implicitly has an 'any' type.
  Try `npm i --save-dev @types/papaparse` if it exists or add a new declaration (.d.ts) file containing `declare module 'papaparse';`
client/src/components/Spreadsheet.tsx(3,24): error TS7016: Could not find a declaration file for module 'file-saver'. 'C:/Users/hi/CutListCreator/node_modules/file-saver/dist/FileSaver.min.js' implicitly has an 'any' type.
  Try `npm i --save-dev @types/file-saver` if it exists or add a new declaration (.d.ts) file containing `declare module 'file-saver';`
client/src/components/Spreadsheet.tsx(142,13): error TS2345: Argument of type '(prev: Row[]) => { [key: string]: string; }[]' is not assignable to parameter of type 'SetStateAction<Row[]>'.
  Type '(prev: Row[]) => { [key: string]: string; }[]' is not assignable to type '(prevState: Row[]) => Row[]'.
    Type '{ [key: string]: string; }[]' is not assignable to type 'Row[]'.
      Property 'id' is missing in type '{ [key: string]: string; }' but required in type 'Row'.
client/src/components/ui/DesignCenter.tsx(380,46): error TS2802: Type 'Set<string>' can only be iterated through when using the '--downlevelIteration' flag or with a '--target' of 'es2015' or higher.
client/src/pages/home.tsx(2100,18): error TS2339: Property 'backPanelPlywoodBrand' does not exist on type '{ name: string; width: number; height: number; id?: string | undefined; laminateCode?: string | undefined; quantity?: number | undefined; type?: string | undefined; roomName?: string | undefined; ... 5 more ...; nomH?: number | undefined; }'.
client/src/pages/home.tsx(2307,18): error TS2339: Property 'backPanelPlywoodBrand' does not exist on type '{ name: string; width: number; height: number; id?: string | undefined; laminateCode?: string | undefined; quantity?: number | undefined; type?: string | undefined; roomName?: string | undefined; ... 5 more ...; nomH?: number | undefined; }'.
client/src/pages/home.tsx(3686,20): error TS2339: Property 'backPanelPlywoodBrand' does not exist on type '{ name: string; width: number; height: number; id?: string | undefined; laminateCode?: string | undefined; quantity?: number | undefined; type?: string | undefined; roomName?: string | undefined; ... 5 more ...; nomH?: number | undefined; }'.
client/src/pages/home.tsx(7784,58): error TS2554: Expected 2 arguments, but got 1.
client/src/pages/home.tsx(7786,58): error TS18047: 'lineConfig' is possibly 'null'.
client/src/pages/home.tsx(7786,69): error TS2339: Property 'sheetAxis' does not exist on type '"horizontal" | "vertical"'.
  Property 'sheetAxis' does not exist on type '"horizontal"'.
client/src/pages/home.tsx(7815,58): error TS2554: Expected 2 arguments, but got 1.
client/src/pages/home.tsx(7817,43): error TS18047: 'lineConfig' is possibly 'null'.
client/src/pages/home.tsx(7817,54): error TS2339: Property 'sheetAxis' does not exist on type '"horizontal" | "vertical"'.
  Property 'sheetAxis' does not exist on type '"horizontal"'.
